<?xml version="1.0" encoding="UTF-8"?>
<!-- Generated by org.testng.reporters.JUnitReportReporter -->
<testsuite hostname="LAPTOP-EEDLBV16" name="MavenTest.Browser.Browser" tests="1" failures="0" timestamp="26 Jul 2022 13:06:53 GMT" time="13.644" errors="0">
  <testcase name="ds" time="13.644" classname="MavenTest.Browser.Browser"/>
</testsuite> <!-- MavenTest.Browser.Browser -->
